[debug] [2022-08-13T14:40:18.479Z] ----------------------------------------------------------------------
[debug] [2022-08-13T14:40:18.481Z] Command:       C:\Program Files\nodejs\node.exe C:\Users\theha\AppData\Roaming\npm\node_modules\firebase-tools\lib\bin\firebase.js deploy --only functions:app
[debug] [2022-08-13T14:40:18.482Z] CLI Version:   11.6.0
[debug] [2022-08-13T14:40:18.482Z] Platform:      win32
[debug] [2022-08-13T14:40:18.482Z] Node Version:  v16.13.1
[debug] [2022-08-13T14:40:18.483Z] Time:          Sat Aug 13 2022 10:40:18 GMT-0400 (Eastern Daylight Time)
[debug] [2022-08-13T14:40:18.483Z] ----------------------------------------------------------------------
[debug] 
[debug] [2022-08-13T14:40:18.560Z] > command requires scopes: ["email","openid","https://www.googleapis.com/auth/cloudplatformprojects.readonly","https://www.googleapis.com/auth/firebase","https://www.googleapis.com/auth/cloud-platform"]
[debug] [2022-08-13T14:40:18.561Z] > authorizing via signed-in user (brandon9598@gmail.com)
[debug] [2022-08-13T14:40:18.561Z] [iam] checking project letters-play for permissions ["cloudfunctions.functions.create","cloudfunctions.functions.delete","cloudfunctions.functions.get","cloudfunctions.functions.list","cloudfunctions.functions.update","cloudfunctions.operations.get","firebase.projects.get"]
[debug] [2022-08-13T14:40:18.563Z] >>> [apiv2][query] POST https://cloudresourcemanager.googleapis.com/v1/projects/letters-play:testIamPermissions [none]
[debug] [2022-08-13T14:40:18.564Z] >>> [apiv2][(partial)header] POST https://cloudresourcemanager.googleapis.com/v1/projects/letters-play:testIamPermissions x-goog-quota-user=projects/letters-play
[debug] [2022-08-13T14:40:18.564Z] >>> [apiv2][body] POST https://cloudresourcemanager.googleapis.com/v1/projects/letters-play:testIamPermissions {"permissions":["cloudfunctions.functions.create","cloudfunctions.functions.delete","cloudfunctions.functions.get","cloudfunctions.functions.list","cloudfunctions.functions.update","cloudfunctions.operations.get","firebase.projects.get"]}
[debug] [2022-08-13T14:40:18.846Z] <<< [apiv2][status] POST https://cloudresourcemanager.googleapis.com/v1/projects/letters-play:testIamPermissions 200
[debug] [2022-08-13T14:40:18.846Z] <<< [apiv2][body] POST https://cloudresourcemanager.googleapis.com/v1/projects/letters-play:testIamPermissions {"permissions":["cloudfunctions.functions.create","cloudfunctions.functions.delete","cloudfunctions.functions.get","cloudfunctions.functions.list","cloudfunctions.functions.update","cloudfunctions.operations.get","firebase.projects.get"]}
[debug] [2022-08-13T14:40:18.847Z] >>> [apiv2][query] POST https://iam.googleapis.com/v1/projects/letters-play/serviceAccounts/letters-play@appspot.gserviceaccount.com:testIamPermissions [none]
[debug] [2022-08-13T14:40:18.847Z] >>> [apiv2][body] POST https://iam.googleapis.com/v1/projects/letters-play/serviceAccounts/letters-play@appspot.gserviceaccount.com:testIamPermissions {"permissions":["iam.serviceAccounts.actAs"]}
[debug] [2022-08-13T14:40:19.067Z] <<< [apiv2][status] POST https://iam.googleapis.com/v1/projects/letters-play/serviceAccounts/letters-play@appspot.gserviceaccount.com:testIamPermissions 200
[debug] [2022-08-13T14:40:19.067Z] <<< [apiv2][body] POST https://iam.googleapis.com/v1/projects/letters-play/serviceAccounts/letters-play@appspot.gserviceaccount.com:testIamPermissions {"permissions":["iam.serviceAccounts.actAs"]}
[info] 
[info] === Deploying to 'letters-play'...
[info] 
[info] i  deploying functions 
[info] Running command: npm --prefix "$RESOURCE_DIR" run lint
[info] Running command: npm --prefix "$RESOURCE_DIR" run build
[info] +  functions: Finished running predeploy script. 
[debug] [2022-08-13T14:40:34.820Z] >>> [apiv2][query] GET https://firebase.googleapis.com/v1beta1/projects/letters-play [none]
[debug] [2022-08-13T14:40:35.080Z] <<< [apiv2][status] GET https://firebase.googleapis.com/v1beta1/projects/letters-play 200
[debug] [2022-08-13T14:40:35.080Z] <<< [apiv2][body] GET https://firebase.googleapis.com/v1beta1/projects/letters-play {"projectId":"letters-play","projectNumber":"799227345028","displayName":"letters-play","name":"projects/letters-play","resources":{"hostingSite":"letters-play","storageBucket":"letters-play.appspot.com","locationId":"us-central"},"state":"ACTIVE","etag":"1_fcdfe8db-3b8f-4ae4-9256-352c4b340085"}
[info] i  functions: ensuring required API cloudfunctions.googleapis.com is enabled... 
[info] i  functions: ensuring required API cloudbuild.googleapis.com is enabled... 
[info] i  artifactregistry: ensuring required API artifactregistry.googleapis.com is enabled... 
[debug] [2022-08-13T14:40:35.082Z] >>> [apiv2][query] GET https://serviceusage.googleapis.com/v1/projects/letters-play/services/cloudfunctions.googleapis.com [none]
[debug] [2022-08-13T14:40:35.083Z] >>> [apiv2][query] GET https://serviceusage.googleapis.com/v1/projects/letters-play/services/runtimeconfig.googleapis.com [none]
[debug] [2022-08-13T14:40:35.084Z] >>> [apiv2][query] GET https://serviceusage.googleapis.com/v1/projects/letters-play/services/cloudbuild.googleapis.com [none]
[debug] [2022-08-13T14:40:35.085Z] >>> [apiv2][query] GET https://serviceusage.googleapis.com/v1/projects/letters-play/services/artifactregistry.googleapis.com [none]
[debug] [2022-08-13T14:40:35.472Z] <<< [apiv2][status] GET https://serviceusage.googleapis.com/v1/projects/letters-play/services/runtimeconfig.googleapis.com 200
[debug] [2022-08-13T14:40:35.473Z] <<< [apiv2][body] GET https://serviceusage.googleapis.com/v1/projects/letters-play/services/runtimeconfig.googleapis.com [omitted]
[debug] [2022-08-13T14:40:35.476Z] <<< [apiv2][status] GET https://serviceusage.googleapis.com/v1/projects/letters-play/services/artifactregistry.googleapis.com 200
[debug] [2022-08-13T14:40:35.476Z] <<< [apiv2][body] GET https://serviceusage.googleapis.com/v1/projects/letters-play/services/artifactregistry.googleapis.com [omitted]
[info] +  artifactregistry: required API artifactregistry.googleapis.com is enabled 
[debug] [2022-08-13T14:40:35.512Z] <<< [apiv2][status] GET https://serviceusage.googleapis.com/v1/projects/letters-play/services/cloudfunctions.googleapis.com 200
[debug] [2022-08-13T14:40:35.512Z] <<< [apiv2][body] GET https://serviceusage.googleapis.com/v1/projects/letters-play/services/cloudfunctions.googleapis.com [omitted]
[info] +  functions: required API cloudfunctions.googleapis.com is enabled 
[debug] [2022-08-13T14:40:35.513Z] <<< [apiv2][status] GET https://serviceusage.googleapis.com/v1/projects/letters-play/services/cloudbuild.googleapis.com 200
[debug] [2022-08-13T14:40:35.513Z] <<< [apiv2][body] GET https://serviceusage.googleapis.com/v1/projects/letters-play/services/cloudbuild.googleapis.com [omitted]
[info] +  functions: required API cloudbuild.googleapis.com is enabled 
[debug] [2022-08-13T14:40:35.514Z] >>> [apiv2][query] GET https://firebase.googleapis.com/v1beta1/projects/letters-play/adminSdkConfig [none]
[debug] [2022-08-13T14:40:35.751Z] <<< [apiv2][status] GET https://firebase.googleapis.com/v1beta1/projects/letters-play/adminSdkConfig 200
[debug] [2022-08-13T14:40:35.751Z] <<< [apiv2][body] GET https://firebase.googleapis.com/v1beta1/projects/letters-play/adminSdkConfig {"projectId":"letters-play","storageBucket":"letters-play.appspot.com","locationId":"us-central"}
[debug] [2022-08-13T14:40:35.752Z] >>> [apiv2][query] GET https://runtimeconfig.googleapis.com/v1beta1/projects/letters-play/configs [none]
[debug] [2022-08-13T14:40:35.961Z] <<< [apiv2][status] GET https://runtimeconfig.googleapis.com/v1beta1/projects/letters-play/configs 200
[debug] [2022-08-13T14:40:35.961Z] <<< [apiv2][body] GET https://runtimeconfig.googleapis.com/v1beta1/projects/letters-play/configs {"configs":[{"name":"projects/letters-play/configs/gcloud"}]}
[debug] [2022-08-13T14:40:35.961Z] >>> [apiv2][query] GET https://runtimeconfig.googleapis.com/v1beta1/projects/letters-play/configs/gcloud/variables [none]
[debug] [2022-08-13T14:40:36.088Z] <<< [apiv2][status] GET https://runtimeconfig.googleapis.com/v1beta1/projects/letters-play/configs/gcloud/variables 200
[debug] [2022-08-13T14:40:36.088Z] <<< [apiv2][body] GET https://runtimeconfig.googleapis.com/v1beta1/projects/letters-play/configs/gcloud/variables {"variables":[{"name":"projects/letters-play/configs/gcloud/variables/api_key","updateTime":"2022-08-06T17:39:29.831472841Z"}]}
[debug] [2022-08-13T14:40:36.089Z] >>> [apiv2][query] GET https://runtimeconfig.googleapis.com/v1beta1/projects/letters-play/configs/gcloud/variables/api_key [none]
[debug] [2022-08-13T14:40:36.338Z] <<< [apiv2][status] GET https://runtimeconfig.googleapis.com/v1beta1/projects/letters-play/configs/gcloud/variables/api_key 200
[debug] [2022-08-13T14:40:36.338Z] <<< [apiv2][body] GET https://runtimeconfig.googleapis.com/v1beta1/projects/letters-play/configs/gcloud/variables/api_key {"name":"projects/letters-play/configs/gcloud/variables/api_key","updateTime":"2022-08-06T17:39:29.831472841Z","text":"40c65f21-d7c1-4b2b-86a4-ee63532a065f"}
[info] i  functions: preparing codebase default for deployment 
[debug] [2022-08-13T14:40:36.340Z] Validating nodejs source
[debug] [2022-08-13T14:40:39.365Z] > [functions] package.json contents: {
  "name": "functions",
  "scripts": {
    "lint": "eslint --ext .js,.ts .",
    "build": "tsc",
    "build:watch": "tsc --watch",
    "deploy": "firebase deploy --only functions",
    "format": "prettier --check --ignore-path .gitignore .",
    "format:fix": "prettier --write --ignore-path .gitignore .",
    "logs": "firebase functions:log",
    "serve": "npm run build && firebase emulators:start --only functions",
    "shell": "npm run build && firebase functions:shell",
    "start": "npm run shell"
  },
  "engines": {
    "node": "16"
  },
  "main": "lib/index.js",
  "dependencies": {
    "axios": "^0.27.2",
    "body-parser": "^1.20.0",
    "cors": "^2.8.5",
    "express": "^4.18.1",
    "firebase-admin": "^11.0.0",
    "firebase-functions": "^3.22.0",
    "moment": "^2.29.4",
    "zod": "^3.18.0"
  },
  "devDependencies": {
    "@typescript-eslint/eslint-plugin": "^5.12.0",
    "@typescript-eslint/parser": "^5.12.0",
    "eslint": "^8.9.0",
    "eslint-config-google": "^0.14.0",
    "eslint-config-prettier": "^8.5.0",
    "eslint-plugin-import": "^2.25.4",
    "firebase-functions-test": "^0.2.0",
    "prettier": "2.7.1",
    "typescript": "^4.5.4"
  },
  "private": true
}
[debug] [2022-08-13T14:40:39.365Z] Building nodejs source
[debug] [2022-08-13T14:40:39.367Z] Could not find functions.yaml. Must use http discovery
[debug] [2022-08-13T14:40:39.613Z] Serving at port 9005

[debug] [2022-08-13T14:40:39.734Z] Got response from /__/functions.yaml {"endpoints":{"statsCreated":{"platform":"gcfv1","eventTrigger":{"eventType":"providers/cloud.firestore/eventTypes/document.create","eventFilters":{"resource":"projects/letters-play/databases/(default)/documents/stats/{statsId}"},"retry":false},"labels":{},"entryPoint":"statsCreated"},"app":{"platform":"gcfv1","httpsTrigger":{},"entryPoint":"app"}},"specVersion":"v1alpha1","requiredAPIs":[]}
[debug] [2022-08-13T14:40:39.742Z] shutdown requested via /__/quitquitquit

[info] i  functions: preparing functions directory for uploading... 
[info] i  functions: packaged C:\Users\theha\Code\Coaching\letter-play\functions (129.86 KB) for uploading 
[debug] [2022-08-13T14:40:39.939Z] >>> [apiv2][query] GET https://cloudfunctions.googleapis.com/v1/projects/letters-play/locations/-/functions [none]
[debug] [2022-08-13T14:40:40.511Z] <<< [apiv2][status] GET https://cloudfunctions.googleapis.com/v1/projects/letters-play/locations/-/functions 200
[debug] [2022-08-13T14:40:40.512Z] <<< [apiv2][body] GET https://cloudfunctions.googleapis.com/v1/projects/letters-play/locations/-/functions {"functions":[{"name":"projects/letters-play/locations/us-central1/functions/app","httpsTrigger":{"url":"https://us-central1-letters-play.cloudfunctions.net/app","securityLevel":"SECURE_ALWAYS"},"status":"ACTIVE","entryPoint":"app","timeout":"60s","availableMemoryMb":256,"serviceAccountEmail":"letters-play@appspot.gserviceaccount.com","updateTime":"2022-08-12T17:34:00.846Z","versionId":"26","labels":{"deployment-tool":"cli-firebase"},"sourceUploadUrl":"https://storage.googleapis.com/uploads-504562978413.us-central1.cloudfunctions.appspot.com/e8a544ce-d602-46f9-b3dd-6a6100e928a6.zip","environmentVariables":{"FIREBASE_CONFIG":"{\"projectId\":\"letters-play\",\"storageBucket\":\"letters-play.appspot.com\",\"locationId\":\"us-central\"}","GCLOUD_PROJECT":"letters-play"},"runtime":"nodejs16","ingressSettings":"ALLOW_ALL","buildId":"8a7c6b29-e92e-47a2-b9ff-1712ea68dd6a","buildName":"projects/799227345028/locations/us-central1/builds/8a7c6b29-e92e-47a2-b9ff-1712ea68dd6a","dockerRegistry":"ARTIFACT_REGISTRY"},{"name":"projects/letters-play/locations/us-central1/functions/statsCreated","eventTrigger":{"eventType":"providers/cloud.firestore/eventTypes/document.create","resource":"projects/letters-play/databases/(default)/documents/stats/{statsId}","service":"firestore.googleapis.com","failurePolicy":{}},"status":"ACTIVE","entryPoint":"statsCreated","timeout":"60s","availableMemoryMb":256,"serviceAccountEmail":"letters-play@appspot.gserviceaccount.com","updateTime":"2022-08-12T19:56:30.777Z","versionId":"1","labels":{"deployment-tool":"cli-firebase"},"sourceUploadUrl":"https://storage.googleapis.com/uploads-504562978413.us-central1.cloudfunctions.appspot.com/251a1df8-c31e-470b-a4c1-ce603435c63e.zip","environmentVariables":{"FIREBASE_CONFIG":"{\"projectId\":\"letters-play\",\"storageBucket\":\"letters-play.appspot.com\",\"locationId\":\"us-central\"}","GCLOUD_PROJECT":"letters-play"},"runtime":"nodejs16","ingressSettings":"ALLOW_ALL","buildId":"9275995b-853a-40a6-829c-7020028ea5f4","buildName":"projects/799227345028/locations/us-central1/builds/9275995b-853a-40a6-829c-7020028ea5f4","dockerRegistry":"ARTIFACT_REGISTRY"}]}
[debug] [2022-08-13T14:40:40.512Z] >>> [apiv2][query] GET https://cloudfunctions.googleapis.com/v2alpha/projects/letters-play/locations/-/functions [none]
[debug] [2022-08-13T14:40:41.083Z] <<< [apiv2][status] GET https://cloudfunctions.googleapis.com/v2alpha/projects/letters-play/locations/-/functions 200
[debug] [2022-08-13T14:40:41.083Z] <<< [apiv2][body] GET https://cloudfunctions.googleapis.com/v2alpha/projects/letters-play/locations/-/functions {}
[debug] [2022-08-13T14:40:41.090Z] >>> [apiv2][query] GET https://firebase.googleapis.com/v1beta1/projects/letters-play [none]
[debug] [2022-08-13T14:40:41.350Z] <<< [apiv2][status] GET https://firebase.googleapis.com/v1beta1/projects/letters-play 200
[debug] [2022-08-13T14:40:41.350Z] <<< [apiv2][body] GET https://firebase.googleapis.com/v1beta1/projects/letters-play {"projectId":"letters-play","projectNumber":"799227345028","displayName":"letters-play","name":"projects/letters-play","resources":{"hostingSite":"letters-play","storageBucket":"letters-play.appspot.com","locationId":"us-central"},"state":"ACTIVE","etag":"1_fcdfe8db-3b8f-4ae4-9256-352c4b340085"}
[debug] [2022-08-13T14:40:41.351Z] >>> [apiv2][query] POST https://cloudfunctions.googleapis.com/v1/projects/letters-play/locations/us-central1/functions:generateUploadUrl [none]
[debug] [2022-08-13T14:40:41.351Z] >>> [apiv2][body] POST https://cloudfunctions.googleapis.com/v1/projects/letters-play/locations/us-central1/functions:generateUploadUrl {}
[debug] [2022-08-13T14:40:41.945Z] <<< [apiv2][status] POST https://cloudfunctions.googleapis.com/v1/projects/letters-play/locations/us-central1/functions:generateUploadUrl 200
[debug] [2022-08-13T14:40:41.945Z] <<< [apiv2][body] POST https://cloudfunctions.googleapis.com/v1/projects/letters-play/locations/us-central1/functions:generateUploadUrl {"uploadUrl":"https://storage.googleapis.com/uploads-504562978413.us-central1.cloudfunctions.appspot.com/49fc2e99-3a1f-4d0a-85f7-c2e00df508da.zip?GoogleAccessId=service-799227345028@gcf-admin-robot.iam.gserviceaccount.com&Expires=1660403440&Signature=mq%2FGsVK1vi7JfgFOw88Nwqq2AG7OhAAowHbOMAA36IPkHqd656HcCQuH7AGAB%2BeYt1Dkc%2BW9BbYkZ8I3gKbTxdME8LU4VKNX66YeKMOWqEYuK34%2BBfCrI1EgHaToT%2FIstzcgOdOhOK8wVmvKK1ZRmLO7RD8YhJ%2FQ3X0OiAXOkZ7X6pJ5jBJ2gpurpUikfOlzYBXRIO8sqRtzVm0rGCXQIg60eJ86HVhJYi6%2Fr2Q%2FUvYih%2BqtRX9HjOf76v5hS4GjzRtHH1etyoD1jOkCfqca1pGoU9LdmhmUEPc4mWc0zvwcPFTc7vsBkklJWZoW%2F%2FTPx3i%2BGAAdYUGfwltKrsVbLg%3D%3D"}
[debug] [2022-08-13T14:40:41.947Z] >>> [apiv2][query] PUT https://storage.googleapis.com/uploads-504562978413.us-central1.cloudfunctions.appspot.com/49fc2e99-3a1f-4d0a-85f7-c2e00df508da.zip GoogleAccessId=service-799227345028%40gcf-admin-robot.iam.gserviceaccount.com&Expires=1660403440&Signature=mq%2FGsVK1vi7JfgFOw88Nwqq2AG7OhAAowHbOMAA36IPkHqd656HcCQuH7AGAB%2BeYt1Dkc%2BW9BbYkZ8I3gKbTxdME8LU4VKNX66YeKMOWqEYuK34%2BBfCrI1EgHaToT%2FIstzcgOdOhOK8wVmvKK1ZRmLO7RD8YhJ%2FQ3X0OiAXOkZ7X6pJ5jBJ2gpurpUikfOlzYBXRIO8sqRtzVm0rGCXQIg60eJ86HVhJYi6%2Fr2Q%2FUvYih%2BqtRX9HjOf76v5hS4GjzRtHH1etyoD1jOkCfqca1pGoU9LdmhmUEPc4mWc0zvwcPFTc7vsBkklJWZoW%2F%2FTPx3i%2BGAAdYUGfwltKrsVbLg%3D%3D
[debug] [2022-08-13T14:40:41.947Z] >>> [apiv2][body] PUT https://storage.googleapis.com/uploads-504562978413.us-central1.cloudfunctions.appspot.com/49fc2e99-3a1f-4d0a-85f7-c2e00df508da.zip [stream]
[debug] [2022-08-13T14:40:42.247Z] <<< [apiv2][status] PUT https://storage.googleapis.com/uploads-504562978413.us-central1.cloudfunctions.appspot.com/49fc2e99-3a1f-4d0a-85f7-c2e00df508da.zip 200
[debug] [2022-08-13T14:40:42.248Z] <<< [apiv2][body] PUT https://storage.googleapis.com/uploads-504562978413.us-central1.cloudfunctions.appspot.com/49fc2e99-3a1f-4d0a-85f7-c2e00df508da.zip [omitted]
[info] +  functions: functions folder uploaded successfully 
[info] i  functions: updating Node.js 16 function app(us-central1)... 
[debug] [2022-08-13T14:40:42.253Z] >>> [apiv2][query] PATCH https://cloudfunctions.googleapis.com/v1/projects/letters-play/locations/us-central1/functions/app updateMask=name%2CsourceUploadUrl%2CentryPoint%2Cruntime%2CdockerRegistry%2Clabels%2ChttpsTrigger.securityLevel%2CenvironmentVariables%2CavailableMemoryMb%2CsourceToken
[debug] [2022-08-13T14:40:42.253Z] >>> [apiv2][body] PATCH https://cloudfunctions.googleapis.com/v1/projects/letters-play/locations/us-central1/functions/app {"name":"projects/letters-play/locations/us-central1/functions/app","sourceUploadUrl":"https://storage.googleapis.com/uploads-504562978413.us-central1.cloudfunctions.appspot.com/49fc2e99-3a1f-4d0a-85f7-c2e00df508da.zip?GoogleAccessId=service-799227345028@gcf-admin-robot.iam.gserviceaccount.com&Expires=1660403440&Signature=mq%2FGsVK1vi7JfgFOw88Nwqq2AG7OhAAowHbOMAA36IPkHqd656HcCQuH7AGAB%2BeYt1Dkc%2BW9BbYkZ8I3gKbTxdME8LU4VKNX66YeKMOWqEYuK34%2BBfCrI1EgHaToT%2FIstzcgOdOhOK8wVmvKK1ZRmLO7RD8YhJ%2FQ3X0OiAXOkZ7X6pJ5jBJ2gpurpUikfOlzYBXRIO8sqRtzVm0rGCXQIg60eJ86HVhJYi6%2Fr2Q%2FUvYih%2BqtRX9HjOf76v5hS4GjzRtHH1etyoD1jOkCfqca1pGoU9LdmhmUEPc4mWc0zvwcPFTc7vsBkklJWZoW%2F%2FTPx3i%2BGAAdYUGfwltKrsVbLg%3D%3D","entryPoint":"app","runtime":"nodejs16","dockerRegistry":"ARTIFACT_REGISTRY","labels":{"deployment-tool":"cli-firebase"},"httpsTrigger":{"securityLevel":"SECURE_ALWAYS"},"environmentVariables":{"FIREBASE_CONFIG":"{\"projectId\":\"letters-play\",\"storageBucket\":\"letters-play.appspot.com\",\"locationId\":\"us-central\"}","GCLOUD_PROJECT":"letters-play"},"availableMemoryMb":256}
[debug] [2022-08-13T14:40:42.856Z] <<< [apiv2][status] PATCH https://cloudfunctions.googleapis.com/v1/projects/letters-play/locations/us-central1/functions/app 200
[debug] [2022-08-13T14:40:42.857Z] <<< [apiv2][body] PATCH https://cloudfunctions.googleapis.com/v1/projects/letters-play/locations/us-central1/functions/app {"name":"operations/bGV0dGVycy1wbGF5L3VzLWNlbnRyYWwxL2FwcC9fNm1paUI1TzhaRQ","metadata":{"@type":"type.googleapis.com/google.cloud.functions.v1.OperationMetadataV1","target":"projects/letters-play/locations/us-central1/functions/app","type":"UPDATE_FUNCTION","request":{"@type":"type.googleapis.com/google.cloud.functions.v1.CloudFunction","name":"projects/letters-play/locations/us-central1/functions/app","httpsTrigger":{"url":"https://us-central1-letters-play.cloudfunctions.net/app","securityLevel":"SECURE_ALWAYS"},"status":"ACTIVE","entryPoint":"app","timeout":"60s","availableMemoryMb":256,"serviceAccountEmail":"letters-play@appspot.gserviceaccount.com","updateTime":"2022-08-12T17:34:00.846Z","versionId":"26","labels":{"deployment-tool":"cli-firebase"},"sourceUploadUrl":"https://storage.googleapis.com/uploads-504562978413.us-central1.cloudfunctions.appspot.com/49fc2e99-3a1f-4d0a-85f7-c2e00df508da.zip?GoogleAccessId=service-799227345028@gcf-admin-robot.iam.gserviceaccount.com&Expires=1660403440&Signature=mq%2FGsVK1vi7JfgFOw88Nwqq2AG7OhAAowHbOMAA36IPkHqd656HcCQuH7AGAB%2BeYt1Dkc%2BW9BbYkZ8I3gKbTxdME8LU4VKNX66YeKMOWqEYuK34%2BBfCrI1EgHaToT%2FIstzcgOdOhOK8wVmvKK1ZRmLO7RD8YhJ%2FQ3X0OiAXOkZ7X6pJ5jBJ2gpurpUikfOlzYBXRIO8sqRtzVm0rGCXQIg60eJ86HVhJYi6%2Fr2Q%2FUvYih%2BqtRX9HjOf76v5hS4GjzRtHH1etyoD1jOkCfqca1pGoU9LdmhmUEPc4mWc0zvwcPFTc7vsBkklJWZoW%2F%2FTPx3i%2BGAAdYUGfwltKrsVbLg%3D%3D","environmentVariables":{"FIREBASE_CONFIG":"{\"projectId\":\"letters-play\",\"storageBucket\":\"letters-play.appspot.com\",\"locationId\":\"us-central\"}","GCLOUD_PROJECT":"letters-play"},"runtime":"nodejs16","ingressSettings":"ALLOW_ALL","buildId":"8a7c6b29-e92e-47a2-b9ff-1712ea68dd6a","buildName":"projects/799227345028/locations/us-central1/builds/8a7c6b29-e92e-47a2-b9ff-1712ea68dd6a","dockerRegistry":"ARTIFACT_REGISTRY"},"versionId":"27","updateTime":"2022-08-13T14:40:41Z"}}
[debug] [2022-08-13T14:40:42.857Z] >>> [apiv2][query] GET https://cloudfunctions.googleapis.com/v1/operations/bGV0dGVycy1wbGF5L3VzLWNlbnRyYWwxL2FwcC9fNm1paUI1TzhaRQ [none]
[debug] [2022-08-13T14:40:43.083Z] <<< [apiv2][status] GET https://cloudfunctions.googleapis.com/v1/operations/bGV0dGVycy1wbGF5L3VzLWNlbnRyYWwxL2FwcC9fNm1paUI1TzhaRQ 200
[debug] [2022-08-13T14:40:43.083Z] <<< [apiv2][body] GET https://cloudfunctions.googleapis.com/v1/operations/bGV0dGVycy1wbGF5L3VzLWNlbnRyYWwxL2FwcC9fNm1paUI1TzhaRQ {"name":"operations/bGV0dGVycy1wbGF5L3VzLWNlbnRyYWwxL2FwcC9fNm1paUI1TzhaRQ","metadata":{"@type":"type.googleapis.com/google.cloud.functions.v1.OperationMetadataV1","target":"projects/letters-play/locations/us-central1/functions/app","type":"UPDATE_FUNCTION","request":{"@type":"type.googleapis.com/google.cloud.functions.v1.CloudFunction","name":"projects/letters-play/locations/us-central1/functions/app","httpsTrigger":{"url":"https://us-central1-letters-play.cloudfunctions.net/app","securityLevel":"SECURE_ALWAYS"},"status":"ACTIVE","entryPoint":"app","timeout":"60s","availableMemoryMb":256,"serviceAccountEmail":"letters-play@appspot.gserviceaccount.com","updateTime":"2022-08-12T17:34:00.846Z","versionId":"26","labels":{"deployment-tool":"cli-firebase"},"sourceUploadUrl":"https://storage.googleapis.com/uploads-504562978413.us-central1.cloudfunctions.appspot.com/49fc2e99-3a1f-4d0a-85f7-c2e00df508da.zip?GoogleAccessId=service-799227345028@gcf-admin-robot.iam.gserviceaccount.com&Expires=1660403440&Signature=mq%2FGsVK1vi7JfgFOw88Nwqq2AG7OhAAowHbOMAA36IPkHqd656HcCQuH7AGAB%2BeYt1Dkc%2BW9BbYkZ8I3gKbTxdME8LU4VKNX66YeKMOWqEYuK34%2BBfCrI1EgHaToT%2FIstzcgOdOhOK8wVmvKK1ZRmLO7RD8YhJ%2FQ3X0OiAXOkZ7X6pJ5jBJ2gpurpUikfOlzYBXRIO8sqRtzVm0rGCXQIg60eJ86HVhJYi6%2Fr2Q%2FUvYih%2BqtRX9HjOf76v5hS4GjzRtHH1etyoD1jOkCfqca1pGoU9LdmhmUEPc4mWc0zvwcPFTc7vsBkklJWZoW%2F%2FTPx3i%2BGAAdYUGfwltKrsVbLg%3D%3D","environmentVariables":{"FIREBASE_CONFIG":"{\"projectId\":\"letters-play\",\"storageBucket\":\"letters-play.appspot.com\",\"locationId\":\"us-central\"}","GCLOUD_PROJECT":"letters-play"},"runtime":"nodejs16","ingressSettings":"ALLOW_ALL","buildId":"8a7c6b29-e92e-47a2-b9ff-1712ea68dd6a","buildName":"projects/799227345028/locations/us-central1/builds/8a7c6b29-e92e-47a2-b9ff-1712ea68dd6a","dockerRegistry":"ARTIFACT_REGISTRY"},"versionId":"27","updateTime":"2022-08-13T14:40:42Z"}}
[debug] [2022-08-13T14:40:43.590Z] [update-default-us-central1-app] Retrying task index 0
[debug] [2022-08-13T14:40:43.590Z] >>> [apiv2][query] GET https://cloudfunctions.googleapis.com/v1/operations/bGV0dGVycy1wbGF5L3VzLWNlbnRyYWwxL2FwcC9fNm1paUI1TzhaRQ [none]
[debug] [2022-08-13T14:40:43.878Z] <<< [apiv2][status] GET https://cloudfunctions.googleapis.com/v1/operations/bGV0dGVycy1wbGF5L3VzLWNlbnRyYWwxL2FwcC9fNm1paUI1TzhaRQ 200
[debug] [2022-08-13T14:40:43.878Z] <<< [apiv2][body] GET https://cloudfunctions.googleapis.com/v1/operations/bGV0dGVycy1wbGF5L3VzLWNlbnRyYWwxL2FwcC9fNm1paUI1TzhaRQ {"name":"operations/bGV0dGVycy1wbGF5L3VzLWNlbnRyYWwxL2FwcC9fNm1paUI1TzhaRQ","metadata":{"@type":"type.googleapis.com/google.cloud.functions.v1.OperationMetadataV1","target":"projects/letters-play/locations/us-central1/functions/app","type":"UPDATE_FUNCTION","request":{"@type":"type.googleapis.com/google.cloud.functions.v1.CloudFunction","name":"projects/letters-play/locations/us-central1/functions/app","httpsTrigger":{"url":"https://us-central1-letters-play.cloudfunctions.net/app","securityLevel":"SECURE_ALWAYS"},"status":"ACTIVE","entryPoint":"app","timeout":"60s","availableMemoryMb":256,"serviceAccountEmail":"letters-play@appspot.gserviceaccount.com","updateTime":"2022-08-12T17:34:00.846Z","versionId":"26","labels":{"deployment-tool":"cli-firebase"},"sourceUploadUrl":"https://storage.googleapis.com/uploads-504562978413.us-central1.cloudfunctions.appspot.com/49fc2e99-3a1f-4d0a-85f7-c2e00df508da.zip?GoogleAccessId=service-799227345028@gcf-admin-robot.iam.gserviceaccount.com&Expires=1660403440&Signature=mq%2FGsVK1vi7JfgFOw88Nwqq2AG7OhAAowHbOMAA36IPkHqd656HcCQuH7AGAB%2BeYt1Dkc%2BW9BbYkZ8I3gKbTxdME8LU4VKNX66YeKMOWqEYuK34%2BBfCrI1EgHaToT%2FIstzcgOdOhOK8wVmvKK1ZRmLO7RD8YhJ%2FQ3X0OiAXOkZ7X6pJ5jBJ2gpurpUikfOlzYBXRIO8sqRtzVm0rGCXQIg60eJ86HVhJYi6%2Fr2Q%2FUvYih%2BqtRX9HjOf76v5hS4GjzRtHH1etyoD1jOkCfqca1pGoU9LdmhmUEPc4mWc0zvwcPFTc7vsBkklJWZoW%2F%2FTPx3i%2BGAAdYUGfwltKrsVbLg%3D%3D","environmentVariables":{"FIREBASE_CONFIG":"{\"projectId\":\"letters-play\",\"storageBucket\":\"letters-play.appspot.com\",\"locationId\":\"us-central\"}","GCLOUD_PROJECT":"letters-play"},"runtime":"nodejs16","ingressSettings":"ALLOW_ALL","buildId":"8a7c6b29-e92e-47a2-b9ff-1712ea68dd6a","buildName":"projects/799227345028/locations/us-central1/builds/8a7c6b29-e92e-47a2-b9ff-1712ea68dd6a","dockerRegistry":"ARTIFACT_REGISTRY"},"versionId":"27","updateTime":"2022-08-13T14:40:42Z","buildId":"aa8bceb5-cdff-4dda-8009-04d6ecbf9c33","buildName":"projects/799227345028/locations/us-central1/builds/aa8bceb5-cdff-4dda-8009-04d6ecbf9c33"}}
[debug] [2022-08-13T14:40:44.888Z] [update-default-us-central1-app] Retrying task index 0
[debug] [2022-08-13T14:40:44.888Z] >>> [apiv2][query] GET https://cloudfunctions.googleapis.com/v1/operations/bGV0dGVycy1wbGF5L3VzLWNlbnRyYWwxL2FwcC9fNm1paUI1TzhaRQ [none]
[debug] [2022-08-13T14:40:45.166Z] <<< [apiv2][status] GET https://cloudfunctions.googleapis.com/v1/operations/bGV0dGVycy1wbGF5L3VzLWNlbnRyYWwxL2FwcC9fNm1paUI1TzhaRQ 200
[debug] [2022-08-13T14:40:45.166Z] <<< [apiv2][body] GET https://cloudfunctions.googleapis.com/v1/operations/bGV0dGVycy1wbGF5L3VzLWNlbnRyYWwxL2FwcC9fNm1paUI1TzhaRQ {"name":"operations/bGV0dGVycy1wbGF5L3VzLWNlbnRyYWwxL2FwcC9fNm1paUI1TzhaRQ","metadata":{"@type":"type.googleapis.com/google.cloud.functions.v1.OperationMetadataV1","target":"projects/letters-play/locations/us-central1/functions/app","type":"UPDATE_FUNCTION","request":{"@type":"type.googleapis.com/google.cloud.functions.v1.CloudFunction","name":"projects/letters-play/locations/us-central1/functions/app","httpsTrigger":{"url":"https://us-central1-letters-play.cloudfunctions.net/app","securityLevel":"SECURE_ALWAYS"},"status":"ACTIVE","entryPoint":"app","timeout":"60s","availableMemoryMb":256,"serviceAccountEmail":"letters-play@appspot.gserviceaccount.com","updateTime":"2022-08-12T17:34:00.846Z","versionId":"26","labels":{"deployment-tool":"cli-firebase"},"sourceUploadUrl":"https://storage.googleapis.com/uploads-504562978413.us-central1.cloudfunctions.appspot.com/49fc2e99-3a1f-4d0a-85f7-c2e00df508da.zip?GoogleAccessId=service-799227345028@gcf-admin-robot.iam.gserviceaccount.com&Expires=1660403440&Signature=mq%2FGsVK1vi7JfgFOw88Nwqq2AG7OhAAowHbOMAA36IPkHqd656HcCQuH7AGAB%2BeYt1Dkc%2BW9BbYkZ8I3gKbTxdME8LU4VKNX66YeKMOWqEYuK34%2BBfCrI1EgHaToT%2FIstzcgOdOhOK8wVmvKK1ZRmLO7RD8YhJ%2FQ3X0OiAXOkZ7X6pJ5jBJ2gpurpUikfOlzYBXRIO8sqRtzVm0rGCXQIg60eJ86HVhJYi6%2Fr2Q%2FUvYih%2BqtRX9HjOf76v5hS4GjzRtHH1etyoD1jOkCfqca1pGoU9LdmhmUEPc4mWc0zvwcPFTc7vsBkklJWZoW%2F%2FTPx3i%2BGAAdYUGfwltKrsVbLg%3D%3D","environmentVariables":{"FIREBASE_CONFIG":"{\"projectId\":\"letters-play\",\"storageBucket\":\"letters-play.appspot.com\",\"locationId\":\"us-central\"}","GCLOUD_PROJECT":"letters-play"},"runtime":"nodejs16","ingressSettings":"ALLOW_ALL","buildId":"8a7c6b29-e92e-47a2-b9ff-1712ea68dd6a","buildName":"projects/799227345028/locations/us-central1/builds/8a7c6b29-e92e-47a2-b9ff-1712ea68dd6a","dockerRegistry":"ARTIFACT_REGISTRY"},"versionId":"27","updateTime":"2022-08-13T14:40:42Z","buildId":"aa8bceb5-cdff-4dda-8009-04d6ecbf9c33","buildName":"projects/799227345028/locations/us-central1/builds/aa8bceb5-cdff-4dda-8009-04d6ecbf9c33"}}
[debug] [2022-08-13T14:40:47.166Z] [update-default-us-central1-app] Retrying task index 0
[debug] [2022-08-13T14:40:47.166Z] >>> [apiv2][query] GET https://cloudfunctions.googleapis.com/v1/operations/bGV0dGVycy1wbGF5L3VzLWNlbnRyYWwxL2FwcC9fNm1paUI1TzhaRQ [none]
[debug] [2022-08-13T14:40:47.414Z] <<< [apiv2][status] GET https://cloudfunctions.googleapis.com/v1/operations/bGV0dGVycy1wbGF5L3VzLWNlbnRyYWwxL2FwcC9fNm1paUI1TzhaRQ 200
[debug] [2022-08-13T14:40:47.414Z] <<< [apiv2][body] GET https://cloudfunctions.googleapis.com/v1/operations/bGV0dGVycy1wbGF5L3VzLWNlbnRyYWwxL2FwcC9fNm1paUI1TzhaRQ {"name":"operations/bGV0dGVycy1wbGF5L3VzLWNlbnRyYWwxL2FwcC9fNm1paUI1TzhaRQ","metadata":{"@type":"type.googleapis.com/google.cloud.functions.v1.OperationMetadataV1","target":"projects/letters-play/locations/us-central1/functions/app","type":"UPDATE_FUNCTION","request":{"@type":"type.googleapis.com/google.cloud.functions.v1.CloudFunction","name":"projects/letters-play/locations/us-central1/functions/app","httpsTrigger":{"url":"https://us-central1-letters-play.cloudfunctions.net/app","securityLevel":"SECURE_ALWAYS"},"status":"ACTIVE","entryPoint":"app","timeout":"60s","availableMemoryMb":256,"serviceAccountEmail":"letters-play@appspot.gserviceaccount.com","updateTime":"2022-08-12T17:34:00.846Z","versionId":"26","labels":{"deployment-tool":"cli-firebase"},"sourceUploadUrl":"https://storage.googleapis.com/uploads-504562978413.us-central1.cloudfunctions.appspot.com/49fc2e99-3a1f-4d0a-85f7-c2e00df508da.zip?GoogleAccessId=service-799227345028@gcf-admin-robot.iam.gserviceaccount.com&Expires=1660403440&Signature=mq%2FGsVK1vi7JfgFOw88Nwqq2AG7OhAAowHbOMAA36IPkHqd656HcCQuH7AGAB%2BeYt1Dkc%2BW9BbYkZ8I3gKbTxdME8LU4VKNX66YeKMOWqEYuK34%2BBfCrI1EgHaToT%2FIstzcgOdOhOK8wVmvKK1ZRmLO7RD8YhJ%2FQ3X0OiAXOkZ7X6pJ5jBJ2gpurpUikfOlzYBXRIO8sqRtzVm0rGCXQIg60eJ86HVhJYi6%2Fr2Q%2FUvYih%2BqtRX9HjOf76v5hS4GjzRtHH1etyoD1jOkCfqca1pGoU9LdmhmUEPc4mWc0zvwcPFTc7vsBkklJWZoW%2F%2FTPx3i%2BGAAdYUGfwltKrsVbLg%3D%3D","environmentVariables":{"FIREBASE_CONFIG":"{\"projectId\":\"letters-play\",\"storageBucket\":\"letters-play.appspot.com\",\"locationId\":\"us-central\"}","GCLOUD_PROJECT":"letters-play"},"runtime":"nodejs16","ingressSettings":"ALLOW_ALL","buildId":"8a7c6b29-e92e-47a2-b9ff-1712ea68dd6a","buildName":"projects/799227345028/locations/us-central1/builds/8a7c6b29-e92e-47a2-b9ff-1712ea68dd6a","dockerRegistry":"ARTIFACT_REGISTRY"},"versionId":"27","updateTime":"2022-08-13T14:40:42Z","buildId":"aa8bceb5-cdff-4dda-8009-04d6ecbf9c33","buildName":"projects/799227345028/locations/us-central1/builds/aa8bceb5-cdff-4dda-8009-04d6ecbf9c33"}}
[debug] [2022-08-13T14:40:51.420Z] [update-default-us-central1-app] Retrying task index 0
[debug] [2022-08-13T14:40:51.420Z] >>> [apiv2][query] GET https://cloudfunctions.googleapis.com/v1/operations/bGV0dGVycy1wbGF5L3VzLWNlbnRyYWwxL2FwcC9fNm1paUI1TzhaRQ [none]
[debug] [2022-08-13T14:40:51.681Z] <<< [apiv2][status] GET https://cloudfunctions.googleapis.com/v1/operations/bGV0dGVycy1wbGF5L3VzLWNlbnRyYWwxL2FwcC9fNm1paUI1TzhaRQ 200
[debug] [2022-08-13T14:40:51.681Z] <<< [apiv2][body] GET https://cloudfunctions.googleapis.com/v1/operations/bGV0dGVycy1wbGF5L3VzLWNlbnRyYWwxL2FwcC9fNm1paUI1TzhaRQ {"name":"operations/bGV0dGVycy1wbGF5L3VzLWNlbnRyYWwxL2FwcC9fNm1paUI1TzhaRQ","metadata":{"@type":"type.googleapis.com/google.cloud.functions.v1.OperationMetadataV1","target":"projects/letters-play/locations/us-central1/functions/app","type":"UPDATE_FUNCTION","request":{"@type":"type.googleapis.com/google.cloud.functions.v1.CloudFunction","name":"projects/letters-play/locations/us-central1/functions/app","httpsTrigger":{"url":"https://us-central1-letters-play.cloudfunctions.net/app","securityLevel":"SECURE_ALWAYS"},"status":"ACTIVE","entryPoint":"app","timeout":"60s","availableMemoryMb":256,"serviceAccountEmail":"letters-play@appspot.gserviceaccount.com","updateTime":"2022-08-12T17:34:00.846Z","versionId":"26","labels":{"deployment-tool":"cli-firebase"},"sourceUploadUrl":"https://storage.googleapis.com/uploads-504562978413.us-central1.cloudfunctions.appspot.com/49fc2e99-3a1f-4d0a-85f7-c2e00df508da.zip?GoogleAccessId=service-799227345028@gcf-admin-robot.iam.gserviceaccount.com&Expires=1660403440&Signature=mq%2FGsVK1vi7JfgFOw88Nwqq2AG7OhAAowHbOMAA36IPkHqd656HcCQuH7AGAB%2BeYt1Dkc%2BW9BbYkZ8I3gKbTxdME8LU4VKNX66YeKMOWqEYuK34%2BBfCrI1EgHaToT%2FIstzcgOdOhOK8wVmvKK1ZRmLO7RD8YhJ%2FQ3X0OiAXOkZ7X6pJ5jBJ2gpurpUikfOlzYBXRIO8sqRtzVm0rGCXQIg60eJ86HVhJYi6%2Fr2Q%2FUvYih%2BqtRX9HjOf76v5hS4GjzRtHH1etyoD1jOkCfqca1pGoU9LdmhmUEPc4mWc0zvwcPFTc7vsBkklJWZoW%2F%2FTPx3i%2BGAAdYUGfwltKrsVbLg%3D%3D","environmentVariables":{"FIREBASE_CONFIG":"{\"projectId\":\"letters-play\",\"storageBucket\":\"letters-play.appspot.com\",\"locationId\":\"us-central\"}","GCLOUD_PROJECT":"letters-play"},"runtime":"nodejs16","ingressSettings":"ALLOW_ALL","buildId":"8a7c6b29-e92e-47a2-b9ff-1712ea68dd6a","buildName":"projects/799227345028/locations/us-central1/builds/8a7c6b29-e92e-47a2-b9ff-1712ea68dd6a","dockerRegistry":"ARTIFACT_REGISTRY"},"versionId":"27","updateTime":"2022-08-13T14:40:42Z","buildId":"aa8bceb5-cdff-4dda-8009-04d6ecbf9c33","buildName":"projects/799227345028/locations/us-central1/builds/aa8bceb5-cdff-4dda-8009-04d6ecbf9c33"}}
[debug] [2022-08-13T14:40:59.685Z] [update-default-us-central1-app] Retrying task index 0
[debug] [2022-08-13T14:40:59.685Z] >>> [apiv2][query] GET https://cloudfunctions.googleapis.com/v1/operations/bGV0dGVycy1wbGF5L3VzLWNlbnRyYWwxL2FwcC9fNm1paUI1TzhaRQ [none]
[debug] [2022-08-13T14:40:59.829Z] <<< [apiv2][status] GET https://cloudfunctions.googleapis.com/v1/operations/bGV0dGVycy1wbGF5L3VzLWNlbnRyYWwxL2FwcC9fNm1paUI1TzhaRQ 200
[debug] [2022-08-13T14:40:59.829Z] <<< [apiv2][body] GET https://cloudfunctions.googleapis.com/v1/operations/bGV0dGVycy1wbGF5L3VzLWNlbnRyYWwxL2FwcC9fNm1paUI1TzhaRQ {"name":"operations/bGV0dGVycy1wbGF5L3VzLWNlbnRyYWwxL2FwcC9fNm1paUI1TzhaRQ","metadata":{"@type":"type.googleapis.com/google.cloud.functions.v1.OperationMetadataV1","target":"projects/letters-play/locations/us-central1/functions/app","type":"UPDATE_FUNCTION","request":{"@type":"type.googleapis.com/google.cloud.functions.v1.CloudFunction","name":"projects/letters-play/locations/us-central1/functions/app","httpsTrigger":{"url":"https://us-central1-letters-play.cloudfunctions.net/app","securityLevel":"SECURE_ALWAYS"},"status":"ACTIVE","entryPoint":"app","timeout":"60s","availableMemoryMb":256,"serviceAccountEmail":"letters-play@appspot.gserviceaccount.com","updateTime":"2022-08-12T17:34:00.846Z","versionId":"26","labels":{"deployment-tool":"cli-firebase"},"sourceUploadUrl":"https://storage.googleapis.com/uploads-504562978413.us-central1.cloudfunctions.appspot.com/49fc2e99-3a1f-4d0a-85f7-c2e00df508da.zip?GoogleAccessId=service-799227345028@gcf-admin-robot.iam.gserviceaccount.com&Expires=1660403440&Signature=mq%2FGsVK1vi7JfgFOw88Nwqq2AG7OhAAowHbOMAA36IPkHqd656HcCQuH7AGAB%2BeYt1Dkc%2BW9BbYkZ8I3gKbTxdME8LU4VKNX66YeKMOWqEYuK34%2BBfCrI1EgHaToT%2FIstzcgOdOhOK8wVmvKK1ZRmLO7RD8YhJ%2FQ3X0OiAXOkZ7X6pJ5jBJ2gpurpUikfOlzYBXRIO8sqRtzVm0rGCXQIg60eJ86HVhJYi6%2Fr2Q%2FUvYih%2BqtRX9HjOf76v5hS4GjzRtHH1etyoD1jOkCfqca1pGoU9LdmhmUEPc4mWc0zvwcPFTc7vsBkklJWZoW%2F%2FTPx3i%2BGAAdYUGfwltKrsVbLg%3D%3D","environmentVariables":{"FIREBASE_CONFIG":"{\"projectId\":\"letters-play\",\"storageBucket\":\"letters-play.appspot.com\",\"locationId\":\"us-central\"}","GCLOUD_PROJECT":"letters-play"},"runtime":"nodejs16","ingressSettings":"ALLOW_ALL","buildId":"8a7c6b29-e92e-47a2-b9ff-1712ea68dd6a","buildName":"projects/799227345028/locations/us-central1/builds/8a7c6b29-e92e-47a2-b9ff-1712ea68dd6a","dockerRegistry":"ARTIFACT_REGISTRY"},"versionId":"27","updateTime":"2022-08-13T14:40:42Z","buildId":"aa8bceb5-cdff-4dda-8009-04d6ecbf9c33","buildName":"projects/799227345028/locations/us-central1/builds/aa8bceb5-cdff-4dda-8009-04d6ecbf9c33"}}
