[debug] [2022-07-25T00:58:48.169Z] ----------------------------------------------------------------------
[debug] [2022-07-25T00:58:48.171Z] Command:       C:\Program Files\nodejs\node.exe C:\Users\theha\AppData\Roaming\npm\node_modules\firebase-tools\lib\bin\firebase.js init
[debug] [2022-07-25T00:58:48.172Z] CLI Version:   11.2.2
[debug] [2022-07-25T00:58:48.172Z] Platform:      win32
[debug] [2022-07-25T00:58:48.172Z] Node Version:  v16.13.1
[debug] [2022-07-25T00:58:48.173Z] Time:          Sun Jul 24 2022 20:58:48 GMT-0400 (Eastern Daylight Time)
[debug] [2022-07-25T00:58:48.173Z] ----------------------------------------------------------------------
[debug] 
[debug] [2022-07-25T00:58:48.251Z] > command requires scopes: ["email","openid","https://www.googleapis.com/auth/cloudplatformprojects.readonly","https://www.googleapis.com/auth/firebase","https://www.googleapis.com/auth/cloud-platform"]
[debug] [2022-07-25T00:58:48.251Z] > authorizing via signed-in user (brandon9598@gmail.com)
[info] 
     ######## #### ########  ######## ########     ###     ######  ########
     ##        ##  ##     ## ##       ##     ##  ##   ##  ##       ##
     ######    ##  ########  ######   ########  #########  ######  ######
     ##        ##  ##    ##  ##       ##     ## ##     ##       ## ##
     ##       #### ##     ## ######## ########  ##     ##  ######  ########

You're about to initialize a Firebase project in this directory:

  C:\Users\theha\Code\templates\next-tailwind-typescript-firebase-starter

Before we get started, keep in mind:

  * You are initializing within an existing Firebase project directory

[info] 
=== Project Setup
[info] 
[info] First, let's associate this project directory with a Firebase project.
[info] You can create multiple project aliases by running firebase use --add, 
[info] but for now we'll just set up a default project.
[info] 
[debug] [2022-07-25T00:59:11.655Z] Using project from CLI flag: letters-play
[debug] [2022-07-25T00:59:11.657Z] > refreshing access token with scopes: []
[debug] [2022-07-25T00:59:11.660Z] >>> [apiv2][query] POST https://www.googleapis.com/oauth2/v3/token [none]
[debug] [2022-07-25T00:59:11.660Z] >>> [apiv2][body] POST https://www.googleapis.com/oauth2/v3/token [omitted]
[debug] [2022-07-25T00:59:11.813Z] <<< [apiv2][status] POST https://www.googleapis.com/oauth2/v3/token 200
[debug] [2022-07-25T00:59:11.813Z] <<< [apiv2][body] POST https://www.googleapis.com/oauth2/v3/token [omitted]
[debug] [2022-07-25T00:59:11.827Z] >>> [apiv2][query] GET https://firebase.googleapis.com/v1beta1/projects/letters-play [none]
[debug] [2022-07-25T00:59:12.099Z] <<< [apiv2][status] GET https://firebase.googleapis.com/v1beta1/projects/letters-play 200
[debug] [2022-07-25T00:59:12.100Z] <<< [apiv2][body] GET https://firebase.googleapis.com/v1beta1/projects/letters-play {"projectId":"letters-play","projectNumber":"799227345028","displayName":"letters-play","name":"projects/letters-play","resources":{"hostingSite":"letters-play","storageBucket":"letters-play.appspot.com","locationId":"us-central"},"state":"ACTIVE","etag":"1_264ad71d-894a-4250-823e-aa658294e335"}
[info] i  Using project letters-play (letters-play) 
[info] 
=== Hosting Setup
[info] 
[info] Your public directory is the folder (relative to your project directory) that
[info] will contain Hosting assets to be uploaded with firebase deploy. If you
[info] have a build process for your assets, use your build's output directory.
[info] 
