[debug] [2022-08-12T17:32:22.351Z] ----------------------------------------------------------------------
[debug] [2022-08-12T17:32:22.353Z] Command:       C:\Program Files\nodejs\node.exe C:\Users\theha\AppData\Roaming\npm\node_modules\firebase-tools\lib\bin\firebase.js deploy --only functions
[debug] [2022-08-12T17:32:22.354Z] CLI Version:   11.6.0
[debug] [2022-08-12T17:32:22.354Z] Platform:      win32
[debug] [2022-08-12T17:32:22.354Z] Node Version:  v16.13.1
[debug] [2022-08-12T17:32:22.355Z] Time:          Fri Aug 12 2022 13:32:22 GMT-0400 (Eastern Daylight Time)
[debug] [2022-08-12T17:32:22.356Z] ----------------------------------------------------------------------
[debug] 
[debug] [2022-08-12T17:32:22.437Z] > command requires scopes: ["email","openid","https://www.googleapis.com/auth/cloudplatformprojects.readonly","https://www.googleapis.com/auth/firebase","https://www.googleapis.com/auth/cloud-platform"]
[debug] [2022-08-12T17:32:22.438Z] > authorizing via signed-in user (brandon9598@gmail.com)
[debug] [2022-08-12T17:32:22.438Z] [iam] checking project letters-play for permissions ["cloudfunctions.functions.create","cloudfunctions.functions.delete","cloudfunctions.functions.get","cloudfunctions.functions.list","cloudfunctions.functions.update","cloudfunctions.operations.get","firebase.projects.get"]
[debug] [2022-08-12T17:32:22.440Z] > refreshing access token with scopes: []
[debug] [2022-08-12T17:32:22.442Z] >>> [apiv2][query] POST https://www.googleapis.com/oauth2/v3/token [none]
[debug] [2022-08-12T17:32:22.442Z] >>> [apiv2][body] POST https://www.googleapis.com/oauth2/v3/token [omitted]
[debug] [2022-08-12T17:32:22.593Z] <<< [apiv2][status] POST https://www.googleapis.com/oauth2/v3/token 200
[debug] [2022-08-12T17:32:22.593Z] <<< [apiv2][body] POST https://www.googleapis.com/oauth2/v3/token [omitted]
[debug] [2022-08-12T17:32:22.603Z] >>> [apiv2][query] POST https://cloudresourcemanager.googleapis.com/v1/projects/letters-play:testIamPermissions [none]
[debug] [2022-08-12T17:32:22.603Z] >>> [apiv2][(partial)header] POST https://cloudresourcemanager.googleapis.com/v1/projects/letters-play:testIamPermissions x-goog-quota-user=projects/letters-play
[debug] [2022-08-12T17:32:22.603Z] >>> [apiv2][body] POST https://cloudresourcemanager.googleapis.com/v1/projects/letters-play:testIamPermissions {"permissions":["cloudfunctions.functions.create","cloudfunctions.functions.delete","cloudfunctions.functions.get","cloudfunctions.functions.list","cloudfunctions.functions.update","cloudfunctions.operations.get","firebase.projects.get"]}
[debug] [2022-08-12T17:32:22.801Z] <<< [apiv2][status] POST https://cloudresourcemanager.googleapis.com/v1/projects/letters-play:testIamPermissions 200
[debug] [2022-08-12T17:32:22.802Z] <<< [apiv2][body] POST https://cloudresourcemanager.googleapis.com/v1/projects/letters-play:testIamPermissions {"permissions":["cloudfunctions.functions.create","cloudfunctions.functions.delete","cloudfunctions.functions.get","cloudfunctions.functions.list","cloudfunctions.functions.update","cloudfunctions.operations.get","firebase.projects.get"]}
[debug] [2022-08-12T17:32:22.802Z] >>> [apiv2][query] POST https://iam.googleapis.com/v1/projects/letters-play/serviceAccounts/letters-play@appspot.gserviceaccount.com:testIamPermissions [none]
[debug] [2022-08-12T17:32:22.802Z] >>> [apiv2][body] POST https://iam.googleapis.com/v1/projects/letters-play/serviceAccounts/letters-play@appspot.gserviceaccount.com:testIamPermissions {"permissions":["iam.serviceAccounts.actAs"]}
[debug] [2022-08-12T17:32:23.056Z] <<< [apiv2][status] POST https://iam.googleapis.com/v1/projects/letters-play/serviceAccounts/letters-play@appspot.gserviceaccount.com:testIamPermissions 200
[debug] [2022-08-12T17:32:23.056Z] <<< [apiv2][body] POST https://iam.googleapis.com/v1/projects/letters-play/serviceAccounts/letters-play@appspot.gserviceaccount.com:testIamPermissions {"permissions":["iam.serviceAccounts.actAs"]}
[info] 
[info] === Deploying to 'letters-play'...
[info] 
[info] i  deploying functions 
[info] Running command: npm --prefix "$RESOURCE_DIR" run lint
